# JRE version: OpenJDK Runtime Environment (8.0_242-b01) (build 1.8.0_242-release-1644-b01)
# Java VM: OpenJDK 64-Bit Server VM (25.242-b01 mixed mode windows-amd64 compressed oops)
Heap:
 PSYoungGen      total 494592K, used 9602K [0x00000000d5580000, 0x00000000fa100000, 0x0000000100000000)
  eden space 440832K, 2% used [0x00000000d5580000,0x00000000d5ee0be0,0x00000000f0400000)
  from space 53760K, 0% used [0x00000000f4e80000,0x00000000f4e80000,0x00000000f8300000)
  to   space 76288K, 0% used [0x00000000f0400000,0x00000000f0400000,0x00000000f4e80000)
 ParOldGen       total 182272K, used 103233K [0x0000000080000000, 0x000000008b200000, 0x00000000d5580000)
  object space 182272K, 56% used [0x0000000080000000,0x00000000864d0620,0x000000008b200000)
 Metaspace       used 86848K, capacity 91436K, committed 91800K, reserved 1128448K
  class space    used 11499K, capacity 12371K, committed 12464K, reserved 1048576K
GC Heap History (10 events):
Event: 38.553 GC heap before
{Heap before GC invocations=17 (full 4):
 PSYoungGen      total 288768K, used 22012K [0x00000000d5580000, 0x00000000f1080000, 0x0000000100000000)
  eden space 266752K, 0% used [0x00000000d5580000,0x00000000d5580000,0x00000000e5a00000)
  from space 22016K, 99% used [0x00000000e5a00000,0x00000000e6f7f200,0x00000000e6f80000)
  to   space 42496K, 0% used [0x00000000ee700000,0x00000000ee700000,0x00000000f1080000)
 ParOldGen       total 97280K, used 84919K [0x0000000080000000, 0x0000000085f00000, 0x00000000d5580000)
  object space 97280K, 87% used [0x0000000080000000,0x00000000852edef0,0x0000000085f00000)
 Metaspace       used 74812K, capacity 78572K, committed 78744K, reserved 1116160K
  class space    used 10369K, capacity 11087K, committed 11184K, reserved 1048576K
Event: 39.220 GC heap after
Heap after GC invocations=17 (full 4):
 PSYoungGen      total 288768K, used 0K [0x00000000d5580000, 0x00000000f1080000, 0x0000000100000000)
  eden space 266752K, 0% used [0x00000000d5580000,0x00000000d5580000,0x00000000e5a00000)
  from space 22016K, 0% used [0x00000000e5a00000,0x00000000e5a00000,0x00000000e6f80000)
  to   space 42496K, 0% used [0x00000000ee700000,0x00000000ee700000,0x00000000f1080000)
 ParOldGen       total 182272K, used 95751K [0x0000000080000000, 0x000000008b200000, 0x00000000d5580000)
  object space 182272K, 52% used [0x0000000080000000,0x0000000085d81ff0,0x000000008b200000)
 Metaspace       used 74672K, capacity 78176K, committed 78744K, reserved 1116160K
  class space    used 10324K, capacity 11007K, committed 11184K, reserved 1048576K
}
Event: 50.786 GC heap before
{Heap before GC invocations=18 (full 4):
 PSYoungGen      total 288768K, used 266752K [0x00000000d5580000, 0x00000000f1080000, 0x0000000100000000)
  eden space 266752K, 100% used [0x00000000d5580000,0x00000000e5a00000,0x00000000e5a00000)
  from space 22016K, 0% used [0x00000000e5a00000,0x00000000e5a00000,0x00000000e6f80000)
  to   space 42496K, 0% used [0x00000000ee700000,0x00000000ee700000,0x00000000f1080000)
 ParOldGen       total 182272K, used 95751K [0x0000000080000000, 0x000000008b200000, 0x00000000d5580000)
  object space 182272K, 52% used [0x0000000080000000,0x0000000085d81ff0,0x000000008b200000)
 Metaspace       used 82238K, capacity 86512K, committed 86808K, reserved 1124352K
  class space    used 11172K, capacity 11971K, committed 12080K, reserved 1048576K
Event: 50.837 GC heap after
Heap after GC invocations=18 (full 4):
 PSYoungGen      total 377344K, used 16260K [0x00000000d5580000, 0x00000000efd80000, 0x0000000100000000)
  eden space 354304K, 0% used [0x00000000d5580000,0x00000000d5580000,0x00000000eaf80000)
  from space 23040K, 70% used [0x00000000ee700000,0x00000000ef6e1380,0x00000000efd80000)
  to   space 39936K, 0% used [0x00000000eaf80000,0x00000000eaf80000,0x00000000ed680000)
 ParOldGen       total 182272K, used 95759K [0x0000000080000000, 0x000000008b200000, 0x00000000d5580000)
  object space 182272K, 52% used [0x0000000080000000,0x0000000085d83ff0,0x000000008b200000)
 Metaspace       used 82238K, capacity 86512K, committed 86808K, reserved 1124352K
  class space    used 11172K, capacity 11971K, committed 12080K, reserved 1048576K
}
Event: 56.342 GC heap before
{Heap before GC invocations=19 (full 4):
 PSYoungGen      total 377344K, used 366811K [0x00000000d5580000, 0x00000000efd80000, 0x0000000100000000)
  eden space 354304K, 98% used [0x00000000d5580000,0x00000000eabd58b0,0x00000000eaf80000)
  from space 23040K, 70% used [0x00000000ee700000,0x00000000ef6e1380,0x00000000efd80000)
  to   space 39936K, 0% used [0x00000000eaf80000,0x00000000eaf80000,0x00000000ed680000)
 ParOldGen       total 182272K, used 95759K [0x0000000080000000, 0x000000008b200000, 0x00000000d5580000)
  object space 182272K, 52% used [0x0000000080000000,0x0000000085d83ff0,0x000000008b200000)
 Metaspace       used 84839K, capacity 89194K, committed 89496K, reserved 1126400K
  class space    used 11326K, capacity 12136K, committed 12208K, reserved 1048576K
Event: 56.421 GC heap after
Heap after GC invocations=19 (full 4):
 PSYoungGen      total 394240K, used 39908K [0x00000000d5580000, 0x00000000f8300000, 0x0000000100000000)
  eden space 354304K, 0% used [0x00000000d5580000,0x00000000d5580000,0x00000000eaf80000)
  from space 39936K, 99% used [0x00000000eaf80000,0x00000000ed679050,0x00000000ed680000)
  to   space 53760K, 0% used [0x00000000f4e80000,0x00000000f4e80000,0x00000000f8300000)
 ParOldGen       total 182272K, used 115901K [0x0000000080000000, 0x000000008b200000, 0x00000000d5580000)
  object space 182272K, 63% used [0x0000000080000000,0x000000008712f4f0,0x000000008b200000)
 Metaspace       used 84839K, capacity 89194K, committed 89496K, reserved 1126400K
  class space    used 11326K, capacity 12136K, committed 12208K, reserved 1048576K
}
Event: 969.954 GC heap before
{Heap before GC invocations=20 (full 4):
 PSYoungGen      total 394240K, used 394212K [0x00000000d5580000, 0x00000000f8300000, 0x0000000100000000)
  eden space 354304K, 100% used [0x00000000d5580000,0x00000000eaf80000,0x00000000eaf80000)
  from space 39936K, 99% used [0x00000000eaf80000,0x00000000ed679050,0x00000000ed680000)
  to   space 53760K, 0% used [0x00000000f4e80000,0x00000000f4e80000,0x00000000f8300000)
 ParOldGen       total 182272K, used 115901K [0x0000000080000000, 0x000000008b200000, 0x00000000d5580000)
  object space 182272K, 63% used [0x0000000080000000,0x000000008712f4f0,0x000000008b200000)
 Metaspace       used 86607K, capacity 91266K, committed 91544K, reserved 1128448K
  class space    used 11477K, capacity 12353K, committed 12464K, reserved 1048576K
Event: 971.106 GC heap after
Heap after GC invocations=20 (full 4):
 PSYoungGen      total 494592K, used 53753K [0x00000000d5580000, 0x00000000fa100000, 0x0000000100000000)
  eden space 440832K, 0% used [0x00000000d5580000,0x00000000d5580000,0x00000000f0400000)
  from space 53760K, 99% used [0x00000000f4e80000,0x00000000f82fe470,0x00000000f8300000)
  to   space 76288K, 0% used [0x00000000f0400000,0x00000000f0400000,0x00000000f4e80000)
 ParOldGen       total 182272K, used 151715K [0x0000000080000000, 0x000000008b200000, 0x00000000d5580000)
  object space 182272K, 83% used [0x0000000080000000,0x0000000089428e38,0x000000008b200000)
 Metaspace       used 86607K, capacity 91266K, committed 91544K, reserved 1128448K
  class space    used 11477K, capacity 12353K, committed 12464K, reserved 1048576K
}
Event: 971.119 GC heap before
{Heap before GC invocations=21 (full 5):
 PSYoungGen      total 494592K, used 53753K [0x00000000d5580000, 0x00000000fa100000, 0x0000000100000000)
  eden space 440832K, 0% used [0x00000000d5580000,0x00000000d5580000,0x00000000f0400000)
  from space 53760K, 99% used [0x00000000f4e80000,0x00000000f82fe470,0x00000000f8300000)
  to   space 76288K, 0% used [0x00000000f0400000,0x00000000f0400000,0x00000000f4e80000)
 ParOldGen       total 182272K, used 151715K [0x0000000080000000, 0x000000008b200000, 0x00000000d5580000)
  object space 182272K, 83% used [0x0000000080000000,0x0000000089428e38,0x000000008b200000)
 Metaspace       used 86607K, capacity 91266K, committed 91544K, reserved 1128448K
  class space    used 11477K, capacity 12353K, committed 12464K, reserved 1048576K
Event: 972.619 GC heap after
Heap after GC invocations=21 (full 5):
 PSYoungGen      total 494592K, used 0K [0x00000000d5580000, 0x00000000fa100000, 0x0000000100000000)
  eden space 440832K, 0% used [0x00000000d5580000,0x00000000d5580000,0x00000000f0400000)
  from space 53760K, 0% used [0x00000000f4e80000,0x00000000f4e80000,0x00000000f8300000)
  to   space 76288K, 0% used [0x00000000f0400000,0x00000000f0400000,0x00000000f4e80000)
 ParOldGen       total 182272K, used 103233K [0x0000000080000000, 0x000000008b200000, 0x00000000d5580000)
  object space 182272K, 56% used [0x0000000080000000,0x00000000864d0620,0x000000008b200000)
 Metaspace       used 86524K, capacity 91042K, committed 91544K, reserved 1128448K
  class space    used 11447K, capacity 12301K, committed 12464K, reserved 1048576K
}

