# JRE version: OpenJDK Runtime Environment (8.0_242-b01) (build 1.8.0_242-release-1644-b01)
# Java VM: OpenJDK 64-Bit Server VM (25.242-b01 mixed mode windows-amd64 compressed oops)
Heap:
 PSYoungGen      total 377344K, used 74959K [0x00000000d5580000, 0x00000000f6280000, 0x0000000100000000)
  eden space 354304K, 14% used [0x00000000d5580000,0x00000000d883a828,0x00000000eaf80000)
  from space 23040K, 99% used [0x00000000eaf80000,0x00000000ec5f97a0,0x00000000ec600000)
  to   space 27136K, 0% used [0x00000000f4800000,0x00000000f4800000,0x00000000f6280000)
 ParOldGen       total 97280K, used 38259K [0x0000000080000000, 0x0000000085f00000, 0x00000000d5580000)
  object space 97280K, 39% used [0x0000000080000000,0x000000008255cd50,0x0000000085f00000)
 Metaspace       used 67976K, capacity 71130K, committed 71320K, reserved 1112064K
  class space    used 9042K, capacity 9636K, committed 9648K, reserved 1048576K
GC Heap History (10 events):
Event: 9.935 GC heap before
{Heap before GC invocations=10 (full 2):
 PSYoungGen      total 261120K, used 7936K [0x00000000d5580000, 0x00000000e6500000, 0x0000000100000000)
  eden space 249344K, 0% used [0x00000000d5580000,0x00000000d5580000,0x00000000e4900000)
  from space 11776K, 67% used [0x00000000e5980000,0x00000000e61403d8,0x00000000e6500000)
  to   space 14336K, 0% used [0x00000000e4900000,0x00000000e4900000,0x00000000e5700000)
 ParOldGen       total 49664K, used 9262K [0x0000000080000000, 0x0000000083080000, 0x00000000d5580000)
  object space 49664K, 18% used [0x0000000080000000,0x000000008090b8b0,0x0000000083080000)
 Metaspace       used 34305K, capacity 35406K, committed 35496K, reserved 1079296K
  class space    used 4720K, capacity 5002K, committed 5040K, reserved 1048576K
Event: 10.039 GC heap after
Heap after GC invocations=10 (full 2):
 PSYoungGen      total 261120K, used 0K [0x00000000d5580000, 0x00000000e6500000, 0x0000000100000000)
  eden space 249344K, 0% used [0x00000000d5580000,0x00000000d5580000,0x00000000e4900000)
  from space 11776K, 0% used [0x00000000e5980000,0x00000000e5980000,0x00000000e6500000)
  to   space 14336K, 0% used [0x00000000e4900000,0x00000000e4900000,0x00000000e5700000)
 ParOldGen       total 65024K, used 14306K [0x0000000080000000, 0x0000000083f80000, 0x00000000d5580000)
  object space 65024K, 22% used [0x0000000080000000,0x0000000080df89c8,0x0000000083f80000)
 Metaspace       used 34305K, capacity 35406K, committed 35496K, reserved 1079296K
  class space    used 4720K, capacity 5002K, committed 5040K, reserved 1048576K
}
Event: 18.083 GC heap before
{Heap before GC invocations=11 (full 2):
 PSYoungGen      total 261120K, used 249344K [0x00000000d5580000, 0x00000000e6500000, 0x0000000100000000)
  eden space 249344K, 100% used [0x00000000d5580000,0x00000000e4900000,0x00000000e4900000)
  from space 11776K, 0% used [0x00000000e5980000,0x00000000e5980000,0x00000000e6500000)
  to   space 14336K, 0% used [0x00000000e4900000,0x00000000e4900000,0x00000000e5700000)
 ParOldGen       total 65024K, used 14306K [0x0000000080000000, 0x0000000083f80000, 0x00000000d5580000)
  object space 65024K, 22% used [0x0000000080000000,0x0000000080df89c8,0x0000000083f80000)
 Metaspace       used 46814K, capacity 48560K, committed 48808K, reserved 1091584K
  class space    used 6333K, capacity 6712K, committed 6832K, reserved 1048576K
Event: 18.123 GC heap after
Heap after GC invocations=11 (full 2):
 PSYoungGen      total 263680K, used 14306K [0x00000000d5580000, 0x00000000eda00000, 0x0000000100000000)
  eden space 249344K, 0% used [0x00000000d5580000,0x00000000d5580000,0x00000000e4900000)
  from space 14336K, 99% used [0x00000000e4900000,0x00000000e56f8b68,0x00000000e5700000)
  to   space 18432K, 0% used [0x00000000ec800000,0x00000000ec800000,0x00000000eda00000)
 ParOldGen       total 65024K, used 18568K [0x0000000080000000, 0x0000000083f80000, 0x00000000d5580000)
  object space 65024K, 28% used [0x0000000080000000,0x0000000081222090,0x0000000083f80000)
 Metaspace       used 46814K, capacity 48560K, committed 48808K, reserved 1091584K
  class space    used 6333K, capacity 6712K, committed 6832K, reserved 1048576K
}
Event: 21.834 GC heap before
{Heap before GC invocations=12 (full 2):
 PSYoungGen      total 263680K, used 131923K [0x00000000d5580000, 0x00000000eda00000, 0x0000000100000000)
  eden space 249344K, 47% used [0x00000000d5580000,0x00000000dc85c218,0x00000000e4900000)
  from space 14336K, 99% used [0x00000000e4900000,0x00000000e56f8b68,0x00000000e5700000)
  to   space 18432K, 0% used [0x00000000ec800000,0x00000000ec800000,0x00000000eda00000)
 ParOldGen       total 65024K, used 18568K [0x0000000080000000, 0x0000000083f80000, 0x00000000d5580000)
  object space 65024K, 28% used [0x0000000080000000,0x0000000081222090,0x0000000083f80000)
 Metaspace       used 56625K, capacity 58966K, committed 59160K, reserved 1099776K
  class space    used 7755K, capacity 8228K, committed 8240K, reserved 1048576K
Event: 21.882 GC heap after
Heap after GC invocations=12 (full 2):
 PSYoungGen      total 372736K, used 18421K [0x00000000d5580000, 0x00000000edc80000, 0x0000000100000000)
  eden space 354304K, 0% used [0x00000000d5580000,0x00000000d5580000,0x00000000eaf80000)
  from space 18432K, 99% used [0x00000000ec800000,0x00000000ed9fd6a8,0x00000000eda00000)
  to   space 23040K, 0% used [0x00000000eaf80000,0x00000000eaf80000,0x00000000ec600000)
 ParOldGen       total 65024K, used 23749K [0x0000000080000000, 0x0000000083f80000, 0x00000000d5580000)
  object space 65024K, 36% used [0x0000000080000000,0x0000000081731408,0x0000000083f80000)
 Metaspace       used 56625K, capacity 58966K, committed 59160K, reserved 1099776K
  class space    used 7755K, capacity 8228K, committed 8240K, reserved 1048576K
}
Event: 21.882 GC heap before
{Heap before GC invocations=13 (full 3):
 PSYoungGen      total 372736K, used 18421K [0x00000000d5580000, 0x00000000edc80000, 0x0000000100000000)
  eden space 354304K, 0% used [0x00000000d5580000,0x00000000d5580000,0x00000000eaf80000)
  from space 18432K, 99% used [0x00000000ec800000,0x00000000ed9fd6a8,0x00000000eda00000)
  to   space 23040K, 0% used [0x00000000eaf80000,0x00000000eaf80000,0x00000000ec600000)
 ParOldGen       total 65024K, used 23749K [0x0000000080000000, 0x0000000083f80000, 0x00000000d5580000)
  object space 65024K, 36% used [0x0000000080000000,0x0000000081731408,0x0000000083f80000)
 Metaspace       used 56625K, capacity 58966K, committed 59160K, reserved 1099776K
  class space    used 7755K, capacity 8228K, committed 8240K, reserved 1048576K
Event: 22.250 GC heap after
Heap after GC invocations=13 (full 3):
 PSYoungGen      total 372736K, used 0K [0x00000000d5580000, 0x00000000edc80000, 0x0000000100000000)
  eden space 354304K, 0% used [0x00000000d5580000,0x00000000d5580000,0x00000000eaf80000)
  from space 18432K, 0% used [0x00000000ec800000,0x00000000ec800000,0x00000000eda00000)
  to   space 23040K, 0% used [0x00000000eaf80000,0x00000000eaf80000,0x00000000ec600000)
 ParOldGen       total 97280K, used 35535K [0x0000000080000000, 0x0000000085f00000, 0x00000000d5580000)
  object space 97280K, 36% used [0x0000000080000000,0x00000000822b3e38,0x0000000085f00000)
 Metaspace       used 56617K, capacity 58936K, committed 59160K, reserved 1099776K
  class space    used 7752K, capacity 8223K, committed 8240K, reserved 1048576K
}
Event: 484.968 GC heap before
{Heap before GC invocations=14 (full 3):
 PSYoungGen      total 372736K, used 354304K [0x00000000d5580000, 0x00000000edc80000, 0x0000000100000000)
  eden space 354304K, 100% used [0x00000000d5580000,0x00000000eaf80000,0x00000000eaf80000)
  from space 18432K, 0% used [0x00000000ec800000,0x00000000ec800000,0x00000000eda00000)
  to   space 23040K, 0% used [0x00000000eaf80000,0x00000000eaf80000,0x00000000ec600000)
 ParOldGen       total 97280K, used 35535K [0x0000000080000000, 0x0000000085f00000, 0x00000000d5580000)
  object space 97280K, 36% used [0x0000000080000000,0x00000000822b3e38,0x0000000085f00000)
 Metaspace       used 67871K, capacity 70982K, committed 71064K, reserved 1110016K
  class space    used 9039K, capacity 9634K, committed 9648K, reserved 1048576K
Event: 485.010 GC heap after
Heap after GC invocations=14 (full 3):
 PSYoungGen      total 377344K, used 23013K [0x00000000d5580000, 0x00000000f6280000, 0x0000000100000000)
  eden space 354304K, 0% used [0x00000000d5580000,0x00000000d5580000,0x00000000eaf80000)
  from space 23040K, 99% used [0x00000000eaf80000,0x00000000ec5f97a0,0x00000000ec600000)
  to   space 27136K, 0% used [0x00000000f4800000,0x00000000f4800000,0x00000000f6280000)
 ParOldGen       total 97280K, used 38259K [0x0000000080000000, 0x0000000085f00000, 0x00000000d5580000)
  object space 97280K, 39% used [0x0000000080000000,0x000000008255cd50,0x0000000085f00000)
 Metaspace       used 67871K, capacity 70982K, committed 71064K, reserved 1110016K
  class space    used 9039K, capacity 9634K, committed 9648K, reserved 1048576K
}

