# JRE version: OpenJDK Runtime Environment (8.0_242-b01) (build 1.8.0_242-release-1644-b01)
# Java VM: OpenJDK 64-Bit Server VM (25.242-b01 mixed mode windows-amd64 compressed oops)
Heap:
 PSYoungGen      total 474624K, used 82233K [0x00000000d5580000, 0x00000000f5280000, 0x0000000100000000)
  eden space 456192K, 14% used [0x00000000d5580000,0x00000000d9409868,0x00000000f1300000)
  from space 18432K, 98% used [0x00000000f4080000,0x00000000f5244e28,0x00000000f5280000)
  to   space 31744K, 0% used [0x00000000f1480000,0x00000000f1480000,0x00000000f3380000)
 ParOldGen       total 97792K, used 65661K [0x0000000080000000, 0x0000000085f80000, 0x00000000d5580000)
  object space 97792K, 67% used [0x0000000080000000,0x000000008401f4f8,0x0000000085f80000)
 Metaspace       used 89628K, capacity 93850K, committed 93976K, reserved 1130496K
  class space    used 12005K, capacity 12777K, committed 12848K, reserved 1048576K
GC Heap History (10 events):
Event: 19.525 GC heap before
{Heap before GC invocations=11 (full 2):
 PSYoungGen      total 261120K, used 249344K [0x00000000d5580000, 0x00000000e6500000, 0x0000000100000000)
  eden space 249344K, 100% used [0x00000000d5580000,0x00000000e4900000,0x00000000e4900000)
  from space 11776K, 0% used [0x00000000e5980000,0x00000000e5980000,0x00000000e6500000)
  to   space 14336K, 0% used [0x00000000e4900000,0x00000000e4900000,0x00000000e5700000)
 ParOldGen       total 65536K, used 14318K [0x0000000080000000, 0x0000000084000000, 0x00000000d5580000)
  object space 65536K, 21% used [0x0000000080000000,0x0000000080dfb828,0x0000000084000000)
 Metaspace       used 47965K, capacity 49900K, committed 50216K, reserved 1093632K
  class space    used 6473K, capacity 6886K, committed 6960K, reserved 1048576K
Event: 19.558 GC heap after
Heap after GC invocations=11 (full 2):
 PSYoungGen      total 263680K, used 14334K [0x00000000d5580000, 0x00000000ed780000, 0x0000000100000000)
  eden space 249344K, 0% used [0x00000000d5580000,0x00000000d5580000,0x00000000e4900000)
  from space 14336K, 99% used [0x00000000e4900000,0x00000000e56ffaa0,0x00000000e5700000)
  to   space 18944K, 0% used [0x00000000ec500000,0x00000000ec500000,0x00000000ed780000)
 ParOldGen       total 65536K, used 20298K [0x0000000080000000, 0x0000000084000000, 0x00000000d5580000)
  object space 65536K, 30% used [0x0000000080000000,0x00000000813d2868,0x0000000084000000)
 Metaspace       used 47965K, capacity 49900K, committed 50216K, reserved 1093632K
  class space    used 6473K, capacity 6886K, committed 6960K, reserved 1048576K
}
Event: 22.996 GC heap before
{Heap before GC invocations=12 (full 2):
 PSYoungGen      total 263680K, used 122065K [0x00000000d5580000, 0x00000000ed780000, 0x0000000100000000)
  eden space 249344K, 43% used [0x00000000d5580000,0x00000000dbeb4cd8,0x00000000e4900000)
  from space 14336K, 99% used [0x00000000e4900000,0x00000000e56ffaa0,0x00000000e5700000)
  to   space 18944K, 0% used [0x00000000ec500000,0x00000000ec500000,0x00000000ed780000)
 ParOldGen       total 65536K, used 20298K [0x0000000080000000, 0x0000000084000000, 0x00000000d5580000)
  object space 65536K, 30% used [0x0000000080000000,0x00000000813d2868,0x0000000084000000)
 Metaspace       used 56831K, capacity 59140K, committed 59160K, reserved 1099776K
  class space    used 7777K, capacity 8237K, committed 8240K, reserved 1048576K
Event: 23.041 GC heap after
Heap after GC invocations=12 (full 2):
 PSYoungGen      total 370176K, used 18921K [0x00000000d5580000, 0x00000000ed980000, 0x0000000100000000)
  eden space 351232K, 0% used [0x00000000d5580000,0x00000000d5580000,0x00000000eac80000)
  from space 18944K, 99% used [0x00000000ec500000,0x00000000ed77a578,0x00000000ed780000)
  to   space 23040K, 0% used [0x00000000eac80000,0x00000000eac80000,0x00000000ec300000)
 ParOldGen       total 65536K, used 23879K [0x0000000080000000, 0x0000000084000000, 0x00000000d5580000)
  object space 65536K, 36% used [0x0000000080000000,0x0000000081751d58,0x0000000084000000)
 Metaspace       used 56831K, capacity 59140K, committed 59160K, reserved 1099776K
  class space    used 7777K, capacity 8237K, committed 8240K, reserved 1048576K
}
Event: 23.041 GC heap before
{Heap before GC invocations=13 (full 3):
 PSYoungGen      total 370176K, used 18921K [0x00000000d5580000, 0x00000000ed980000, 0x0000000100000000)
  eden space 351232K, 0% used [0x00000000d5580000,0x00000000d5580000,0x00000000eac80000)
  from space 18944K, 99% used [0x00000000ec500000,0x00000000ed77a578,0x00000000ed780000)
  to   space 23040K, 0% used [0x00000000eac80000,0x00000000eac80000,0x00000000ec300000)
 ParOldGen       total 65536K, used 23879K [0x0000000080000000, 0x0000000084000000, 0x00000000d5580000)
  object space 65536K, 36% used [0x0000000080000000,0x0000000081751d58,0x0000000084000000)
 Metaspace       used 56831K, capacity 59140K, committed 59160K, reserved 1099776K
  class space    used 7777K, capacity 8237K, committed 8240K, reserved 1048576K
Event: 23.402 GC heap after
Heap after GC invocations=13 (full 3):
 PSYoungGen      total 370176K, used 0K [0x00000000d5580000, 0x00000000ed980000, 0x0000000100000000)
  eden space 351232K, 0% used [0x00000000d5580000,0x00000000d5580000,0x00000000eac80000)
  from space 18944K, 0% used [0x00000000ec500000,0x00000000ec500000,0x00000000ed780000)
  to   space 23040K, 0% used [0x00000000eac80000,0x00000000eac80000,0x00000000ec300000)
 ParOldGen       total 97792K, used 34310K [0x0000000080000000, 0x0000000085f80000, 0x00000000d5580000)
  object space 97792K, 35% used [0x0000000080000000,0x00000000821819f0,0x0000000085f80000)
 Metaspace       used 56810K, capacity 59068K, committed 59160K, reserved 1099776K
  class space    used 7771K, capacity 8225K, committed 8240K, reserved 1048576K
}
Event: 36.907 GC heap before
{Heap before GC invocations=14 (full 3):
 PSYoungGen      total 370176K, used 351232K [0x00000000d5580000, 0x00000000ed980000, 0x0000000100000000)
  eden space 351232K, 100% used [0x00000000d5580000,0x00000000eac80000,0x00000000eac80000)
  from space 18944K, 0% used [0x00000000ec500000,0x00000000ec500000,0x00000000ed780000)
  to   space 23040K, 0% used [0x00000000eac80000,0x00000000eac80000,0x00000000ec300000)
 ParOldGen       total 97792K, used 34310K [0x0000000080000000, 0x0000000085f80000, 0x00000000d5580000)
  object space 97792K, 35% used [0x0000000080000000,0x00000000821819f0,0x0000000085f80000)
 Metaspace       used 78209K, capacity 82162K, committed 82328K, reserved 1120256K
  class space    used 10838K, capacity 11605K, committed 11696K, reserved 1048576K
Event: 36.977 GC heap after
Heap after GC invocations=14 (full 3):
 PSYoungGen      total 374272K, used 23039K [0x00000000d5580000, 0x00000000f5f80000, 0x0000000100000000)
  eden space 351232K, 0% used [0x00000000d5580000,0x00000000d5580000,0x00000000eac80000)
  from space 23040K, 99% used [0x00000000eac80000,0x00000000ec2ffcd0,0x00000000ec300000)
  to   space 31744K, 0% used [0x00000000f4080000,0x00000000f4080000,0x00000000f5f80000)
 ParOldGen       total 97792K, used 48229K [0x0000000080000000, 0x0000000085f80000, 0x00000000d5580000)
  object space 97792K, 49% used [0x0000000080000000,0x0000000082f19710,0x0000000085f80000)
 Metaspace       used 78209K, capacity 82162K, committed 82328K, reserved 1120256K
  class space    used 10838K, capacity 11605K, committed 11696K, reserved 1048576K
}
Event: 1038.881 GC heap before
{Heap before GC invocations=15 (full 3):
 PSYoungGen      total 374272K, used 374160K [0x00000000d5580000, 0x00000000f5f80000, 0x0000000100000000)
  eden space 351232K, 99% used [0x00000000d5580000,0x00000000eac64380,0x00000000eac80000)
  from space 23040K, 99% used [0x00000000eac80000,0x00000000ec2ffcd0,0x00000000ec300000)
  to   space 31744K, 0% used [0x00000000f4080000,0x00000000f4080000,0x00000000f5f80000)
 ParOldGen       total 97792K, used 48229K [0x0000000080000000, 0x0000000085f80000, 0x00000000d5580000)
  object space 97792K, 49% used [0x0000000080000000,0x0000000082f19710,0x0000000085f80000)
 Metaspace       used 89010K, capacity 93382K, committed 93720K, reserved 1130496K
  class space    used 11961K, capacity 12773K, committed 12848K, reserved 1048576K
Event: 1039.556 GC heap after
Heap after GC invocations=15 (full 3):
 PSYoungGen      total 474624K, used 18195K [0x00000000d5580000, 0x00000000f5280000, 0x0000000100000000)
  eden space 456192K, 0% used [0x00000000d5580000,0x00000000d5580000,0x00000000f1300000)
  from space 18432K, 98% used [0x00000000f4080000,0x00000000f5244e28,0x00000000f5280000)
  to   space 31744K, 0% used [0x00000000f1480000,0x00000000f1480000,0x00000000f3380000)
 ParOldGen       total 97792K, used 65661K [0x0000000080000000, 0x0000000085f80000, 0x00000000d5580000)
  object space 97792K, 67% used [0x0000000080000000,0x000000008401f4f8,0x0000000085f80000)
 Metaspace       used 89010K, capacity 93382K, committed 93720K, reserved 1130496K
  class space    used 11961K, capacity 12773K, committed 12848K, reserved 1048576K
}

