# JRE version: OpenJDK Runtime Environment (8.0_242-b01) (build 1.8.0_242-release-1644-b01)
# Java VM: OpenJDK 64-Bit Server VM (25.242-b01 mixed mode windows-amd64 compressed oops)
Heap:
 PSYoungGen      total 303104K, used 114069K [0x00000000d5580000, 0x00000000f1700000, 0x0000000100000000)
  eden space 281088K, 32% used [0x00000000d5580000,0x00000000daf68d00,0x00000000e6800000)
  from space 22016K, 99% used [0x00000000e6800000,0x00000000e7d7caf0,0x00000000e7d80000)
  to   space 30720K, 0% used [0x00000000ef900000,0x00000000ef900000,0x00000000f1700000)
 ParOldGen       total 92672K, used 52162K [0x0000000080000000, 0x0000000085a80000, 0x00000000d5580000)
  object space 92672K, 56% used [0x0000000080000000,0x00000000832f0b20,0x0000000085a80000)
 Metaspace       used 85404K, capacity 89672K, committed 89880K, reserved 1126400K
  class space    used 11568K, capacity 12334K, committed 12336K, reserved 1048576K
GC Heap History (10 events):
Event: 24.190 GC heap before
{Heap before GC invocations=12 (full 2):
 PSYoungGen      total 140288K, used 129024K [0x00000000d5580000, 0x00000000e2c80000, 0x0000000100000000)
  eden space 129024K, 100% used [0x00000000d5580000,0x00000000dd380000,0x00000000dd380000)
  from space 11264K, 0% used [0x00000000dd380000,0x00000000dd380000,0x00000000dde80000)
  to   space 12800K, 0% used [0x00000000e2000000,0x00000000e2000000,0x00000000e2c80000)
 ParOldGen       total 61952K, used 17250K [0x0000000080000000, 0x0000000083c80000, 0x00000000d5580000)
  object space 61952K, 27% used [0x0000000080000000,0x00000000810d8ad8,0x0000000083c80000)
 Metaspace       used 41122K, capacity 42826K, committed 42920K, reserved 1085440K
  class space    used 5629K, capacity 5999K, committed 6064K, reserved 1048576K
Event: 24.207 GC heap after
Heap after GC invocations=12 (full 2):
 PSYoungGen      total 206336K, used 10713K [0x00000000d5580000, 0x00000000e2e00000, 0x0000000100000000)
  eden space 193536K, 0% used [0x00000000d5580000,0x00000000d5580000,0x00000000e1280000)
  from space 12800K, 83% used [0x00000000e2000000,0x00000000e2a76498,0x00000000e2c80000)
  to   space 13824K, 0% used [0x00000000e1280000,0x00000000e1280000,0x00000000e2000000)
 ParOldGen       total 61952K, used 17258K [0x0000000080000000, 0x0000000083c80000, 0x00000000d5580000)
  object space 61952K, 27% used [0x0000000080000000,0x00000000810daad8,0x0000000083c80000)
 Metaspace       used 41122K, capacity 42826K, committed 42920K, reserved 1085440K
  class space    used 5629K, capacity 5999K, committed 6064K, reserved 1048576K
}
Event: 32.723 GC heap before
{Heap before GC invocations=13 (full 2):
 PSYoungGen      total 206336K, used 188003K [0x00000000d5580000, 0x00000000e2e00000, 0x0000000100000000)
  eden space 193536K, 91% used [0x00000000d5580000,0x00000000e02a2798,0x00000000e1280000)
  from space 12800K, 83% used [0x00000000e2000000,0x00000000e2a76498,0x00000000e2c80000)
  to   space 13824K, 0% used [0x00000000e1280000,0x00000000e1280000,0x00000000e2000000)
 ParOldGen       total 61952K, used 17258K [0x0000000080000000, 0x0000000083c80000, 0x00000000d5580000)
  object space 61952K, 27% used [0x0000000080000000,0x00000000810daad8,0x0000000083c80000)
 Metaspace       used 56797K, capacity 59090K, committed 59160K, reserved 1099776K
  class space    used 7771K, capacity 8230K, committed 8240K, reserved 1048576K
Event: 32.782 GC heap after
Heap after GC invocations=13 (full 2):
 PSYoungGen      total 207360K, used 13822K [0x00000000d5580000, 0x00000000e9500000, 0x0000000100000000)
  eden space 193536K, 0% used [0x00000000d5580000,0x00000000d5580000,0x00000000e1280000)
  from space 13824K, 99% used [0x00000000e1280000,0x00000000e1fff928,0x00000000e2000000)
  to   space 20480K, 0% used [0x00000000e8100000,0x00000000e8100000,0x00000000e9500000)
 ParOldGen       total 61952K, used 30221K [0x0000000080000000, 0x0000000083c80000, 0x00000000d5580000)
  object space 61952K, 48% used [0x0000000080000000,0x0000000081d836a8,0x0000000083c80000)
 Metaspace       used 56797K, capacity 59090K, committed 59160K, reserved 1099776K
  class space    used 7771K, capacity 8230K, committed 8240K, reserved 1048576K
}
Event: 32.782 GC heap before
{Heap before GC invocations=14 (full 3):
 PSYoungGen      total 207360K, used 13822K [0x00000000d5580000, 0x00000000e9500000, 0x0000000100000000)
  eden space 193536K, 0% used [0x00000000d5580000,0x00000000d5580000,0x00000000e1280000)
  from space 13824K, 99% used [0x00000000e1280000,0x00000000e1fff928,0x00000000e2000000)
  to   space 20480K, 0% used [0x00000000e8100000,0x00000000e8100000,0x00000000e9500000)
 ParOldGen       total 61952K, used 30221K [0x0000000080000000, 0x0000000083c80000, 0x00000000d5580000)
  object space 61952K, 48% used [0x0000000080000000,0x0000000081d836a8,0x0000000083c80000)
 Metaspace       used 56797K, capacity 59090K, committed 59160K, reserved 1099776K
  class space    used 7771K, capacity 8230K, committed 8240K, reserved 1048576K
Event: 33.129 GC heap after
Heap after GC invocations=14 (full 3):
 PSYoungGen      total 207360K, used 0K [0x00000000d5580000, 0x00000000e9500000, 0x0000000100000000)
  eden space 193536K, 0% used [0x00000000d5580000,0x00000000d5580000,0x00000000e1280000)
  from space 13824K, 0% used [0x00000000e1280000,0x00000000e1280000,0x00000000e2000000)
  to   space 20480K, 0% used [0x00000000e8100000,0x00000000e8100000,0x00000000e9500000)
 ParOldGen       total 92672K, used 38492K [0x0000000080000000, 0x0000000085a80000, 0x00000000d5580000)
  object space 92672K, 41% used [0x0000000080000000,0x0000000082597230,0x0000000085a80000)
 Metaspace       used 56788K, capacity 59060K, committed 59160K, reserved 1099776K
  class space    used 7768K, capacity 8225K, committed 8240K, reserved 1048576K
}
Event: 41.792 GC heap before
{Heap before GC invocations=15 (full 3):
 PSYoungGen      total 207360K, used 193536K [0x00000000d5580000, 0x00000000e9500000, 0x0000000100000000)
  eden space 193536K, 100% used [0x00000000d5580000,0x00000000e1280000,0x00000000e1280000)
  from space 13824K, 0% used [0x00000000e1280000,0x00000000e1280000,0x00000000e2000000)
  to   space 20480K, 0% used [0x00000000e8100000,0x00000000e8100000,0x00000000e9500000)
 ParOldGen       total 92672K, used 38492K [0x0000000080000000, 0x0000000085a80000, 0x00000000d5580000)
  object space 92672K, 41% used [0x0000000080000000,0x0000000082597230,0x0000000085a80000)
 Metaspace       used 63854K, capacity 66950K, committed 67224K, reserved 1107968K
  class space    used 8800K, capacity 9368K, committed 9392K, reserved 1048576K
Event: 41.834 GC heap after
Heap after GC invocations=15 (full 3):
 PSYoungGen      total 299520K, used 17089K [0x00000000d5580000, 0x00000000e9300000, 0x0000000100000000)
  eden space 281088K, 0% used [0x00000000d5580000,0x00000000d5580000,0x00000000e6800000)
  from space 18432K, 92% used [0x00000000e8100000,0x00000000e91b0410,0x00000000e9300000)
  to   space 22016K, 0% used [0x00000000e6800000,0x00000000e6800000,0x00000000e7d80000)
 ParOldGen       total 92672K, used 38500K [0x0000000080000000, 0x0000000085a80000, 0x00000000d5580000)
  object space 92672K, 41% used [0x0000000080000000,0x0000000082599230,0x0000000085a80000)
 Metaspace       used 63854K, capacity 66950K, committed 67224K, reserved 1107968K
  class space    used 8800K, capacity 9368K, committed 9392K, reserved 1048576K
}
Event: 518.168 GC heap before
{Heap before GC invocations=16 (full 3):
 PSYoungGen      total 299520K, used 298177K [0x00000000d5580000, 0x00000000e9300000, 0x0000000100000000)
  eden space 281088K, 100% used [0x00000000d5580000,0x00000000e6800000,0x00000000e6800000)
  from space 18432K, 92% used [0x00000000e8100000,0x00000000e91b0410,0x00000000e9300000)
  to   space 22016K, 0% used [0x00000000e6800000,0x00000000e6800000,0x00000000e7d80000)
 ParOldGen       total 92672K, used 38500K [0x0000000080000000, 0x0000000085a80000, 0x00000000d5580000)
  object space 92672K, 41% used [0x0000000080000000,0x0000000082599230,0x0000000085a80000)
 Metaspace       used 79658K, capacity 83444K, committed 83608K, reserved 1122304K
  class space    used 10724K, capacity 11430K, committed 11440K, reserved 1048576K
Event: 518.272 GC heap after
Heap after GC invocations=16 (full 3):
 PSYoungGen      total 303104K, used 22002K [0x00000000d5580000, 0x00000000f1700000, 0x0000000100000000)
  eden space 281088K, 0% used [0x00000000d5580000,0x00000000d5580000,0x00000000e6800000)
  from space 22016K, 99% used [0x00000000e6800000,0x00000000e7d7caf0,0x00000000e7d80000)
  to   space 30720K, 0% used [0x00000000ef900000,0x00000000ef900000,0x00000000f1700000)
 ParOldGen       total 92672K, used 52162K [0x0000000080000000, 0x0000000085a80000, 0x00000000d5580000)
  object space 92672K, 56% used [0x0000000080000000,0x00000000832f0b20,0x0000000085a80000)
 Metaspace       used 79658K, capacity 83444K, committed 83608K, reserved 1122304K
  class space    used 10724K, capacity 11430K, committed 11440K, reserved 1048576K
}

