# JRE version: OpenJDK Runtime Environment (8.0_242-b01) (build 1.8.0_242-release-1644-b01)
# Java VM: OpenJDK 64-Bit Server VM (25.242-b01 mixed mode windows-amd64 compressed oops)
Heap:
 PSYoungGen      total 643584K, used 177424K [0x00000000d5580000, 0x0000000100000000, 0x0000000100000000)
  eden space 608768K, 23% used [0x00000000d5580000,0x00000000de0ca880,0x00000000fa800000)
  from space 34816K, 99% used [0x00000000fde00000,0x00000000ffff9948,0x0000000100000000)
  to   space 45056K, 0% used [0x00000000fa800000,0x00000000fa800000,0x00000000fd400000)
 ParOldGen       total 147968K, used 79768K [0x0000000080000000, 0x0000000089080000, 0x00000000d5580000)
  object space 147968K, 53% used [0x0000000080000000,0x0000000084de6208,0x0000000089080000)
 Metaspace       used 108256K, capacity 113400K, committed 113624K, reserved 1146880K
  class space    used 14226K, capacity 15223K, committed 15360K, reserved 1048576K
GC Heap History (10 events):
Event: 30.055 GC heap before
{Heap before GC invocations=14 (full 3):
 PSYoungGen      total 375808K, used 357888K [0x00000000d5580000, 0x00000000edf00000, 0x0000000100000000)
  eden space 357888K, 100% used [0x00000000d5580000,0x00000000eb300000,0x00000000eb300000)
  from space 17920K, 0% used [0x00000000ec900000,0x00000000ec900000,0x00000000eda80000)
  to   space 22528K, 0% used [0x00000000eb300000,0x00000000eb300000,0x00000000ec900000)
 ParOldGen       total 94208K, used 34924K [0x0000000080000000, 0x0000000085c00000, 0x00000000d5580000)
  object space 94208K, 37% used [0x0000000080000000,0x000000008221b2e0,0x0000000085c00000)
 Metaspace       used 78856K, capacity 82482K, committed 82648K, reserved 1120256K
  class space    used 10771K, capacity 11514K, committed 11520K, reserved 1048576K
Event: 30.097 GC heap after
Heap after GC invocations=14 (full 3):
 PSYoungGen      total 380416K, used 22513K [0x00000000d5580000, 0x00000000f7100000, 0x0000000100000000)
  eden space 357888K, 0% used [0x00000000d5580000,0x00000000d5580000,0x00000000eb300000)
  from space 22528K, 99% used [0x00000000eb300000,0x00000000ec8fc798,0x00000000ec900000)
  to   space 30208K, 0% used [0x00000000f5380000,0x00000000f5380000,0x00000000f7100000)
 ParOldGen       total 94208K, used 46260K [0x0000000080000000, 0x0000000085c00000, 0x00000000d5580000)
  object space 94208K, 49% used [0x0000000080000000,0x0000000082d2d190,0x0000000085c00000)
 Metaspace       used 78856K, capacity 82482K, committed 82648K, reserved 1120256K
  class space    used 10771K, capacity 11514K, committed 11520K, reserved 1048576K
}
Event: 4883.203 GC heap before
{Heap before GC invocations=15 (full 3):
 PSYoungGen      total 380416K, used 380401K [0x00000000d5580000, 0x00000000f7100000, 0x0000000100000000)
  eden space 357888K, 100% used [0x00000000d5580000,0x00000000eb300000,0x00000000eb300000)
  from space 22528K, 99% used [0x00000000eb300000,0x00000000ec8fc798,0x00000000ec900000)
  to   space 30208K, 0% used [0x00000000f5380000,0x00000000f5380000,0x00000000f7100000)
 ParOldGen       total 94208K, used 46260K [0x0000000080000000, 0x0000000085c00000, 0x00000000d5580000)
  object space 94208K, 49% used [0x0000000080000000,0x0000000082d2d190,0x0000000085c00000)
 Metaspace       used 91321K, capacity 95618K, committed 95704K, reserved 1132544K
  class space    used 12120K, capacity 13050K, committed 13056K, reserved 1048576K
Event: 4883.413 GC heap after
Heap after GC invocations=15 (full 3):
 PSYoungGen      total 499712K, used 22042K [0x00000000d5580000, 0x00000000f6980000, 0x0000000100000000)
  eden space 477184K, 0% used [0x00000000d5580000,0x00000000d5580000,0x00000000f2780000)
  from space 22528K, 97% used [0x00000000f5380000,0x00000000f6906ab0,0x00000000f6980000)
  to   space 31744K, 0% used [0x00000000f2b80000,0x00000000f2b80000,0x00000000f4a80000)
 ParOldGen       total 94208K, used 65277K [0x0000000080000000, 0x0000000085c00000, 0x00000000d5580000)
  object space 94208K, 69% used [0x0000000080000000,0x0000000083fbf658,0x0000000085c00000)
 Metaspace       used 91321K, capacity 95618K, committed 95704K, reserved 1132544K
  class space    used 12120K, capacity 13050K, committed 13056K, reserved 1048576K
}
Event: 4889.703 GC heap before
{Heap before GC invocations=16 (full 3):
 PSYoungGen      total 499712K, used 150911K [0x00000000d5580000, 0x00000000f6980000, 0x0000000100000000)
  eden space 477184K, 27% used [0x00000000d5580000,0x00000000dd359280,0x00000000f2780000)
  from space 22528K, 97% used [0x00000000f5380000,0x00000000f6906ab0,0x00000000f6980000)
  to   space 31744K, 0% used [0x00000000f2b80000,0x00000000f2b80000,0x00000000f4a80000)
 ParOldGen       total 94208K, used 65277K [0x0000000080000000, 0x0000000085c00000, 0x00000000d5580000)
  object space 94208K, 69% used [0x0000000080000000,0x0000000083fbf658,0x0000000085c00000)
 Metaspace       used 93948K, capacity 98346K, committed 98380K, reserved 1134592K
  class space    used 12589K, capacity 13552K, committed 13568K, reserved 1048576K
Event: 4889.838 GC heap after
Heap after GC invocations=16 (full 3):
 PSYoungGen      total 513024K, used 26247K [0x00000000d5580000, 0x0000000100000000, 0x0000000100000000)
  eden space 481280K, 0% used [0x00000000d5580000,0x00000000d5580000,0x00000000f2b80000)
  from space 31744K, 82% used [0x00000000f2b80000,0x00000000f4521f48,0x00000000f4a80000)
  to   space 34816K, 0% used [0x00000000fde00000,0x00000000fde00000,0x0000000100000000)
 ParOldGen       total 94208K, used 77331K [0x0000000080000000, 0x0000000085c00000, 0x00000000d5580000)
  object space 94208K, 82% used [0x0000000080000000,0x0000000084b84cc0,0x0000000085c00000)
 Metaspace       used 93948K, capacity 98346K, committed 98380K, reserved 1134592K
  class space    used 12589K, capacity 13552K, committed 13568K, reserved 1048576K
}
Event: 4889.838 GC heap before
{Heap before GC invocations=17 (full 4):
 PSYoungGen      total 513024K, used 26247K [0x00000000d5580000, 0x0000000100000000, 0x0000000100000000)
  eden space 481280K, 0% used [0x00000000d5580000,0x00000000d5580000,0x00000000f2b80000)
  from space 31744K, 82% used [0x00000000f2b80000,0x00000000f4521f48,0x00000000f4a80000)
  to   space 34816K, 0% used [0x00000000fde00000,0x00000000fde00000,0x0000000100000000)
 ParOldGen       total 94208K, used 77331K [0x0000000080000000, 0x0000000085c00000, 0x00000000d5580000)
  object space 94208K, 82% used [0x0000000080000000,0x0000000084b84cc0,0x0000000085c00000)
 Metaspace       used 93948K, capacity 98346K, committed 98380K, reserved 1134592K
  class space    used 12589K, capacity 13552K, committed 13568K, reserved 1048576K
Event: 4890.504 GC heap after
Heap after GC invocations=17 (full 4):
 PSYoungGen      total 513024K, used 0K [0x00000000d5580000, 0x0000000100000000, 0x0000000100000000)
  eden space 481280K, 0% used [0x00000000d5580000,0x00000000d5580000,0x00000000f2b80000)
  from space 31744K, 0% used [0x00000000f2b80000,0x00000000f2b80000,0x00000000f4a80000)
  to   space 34816K, 0% used [0x00000000fde00000,0x00000000fde00000,0x0000000100000000)
 ParOldGen       total 147968K, used 67443K [0x0000000080000000, 0x0000000089080000, 0x00000000d5580000)
  object space 147968K, 45% used [0x0000000080000000,0x00000000841dcdd8,0x0000000089080000)
 Metaspace       used 93007K, capacity 96638K, committed 98380K, reserved 1134592K
  class space    used 12404K, capacity 13215K, committed 13568K, reserved 1048576K
}
Event: 4968.174 GC heap before
{Heap before GC invocations=18 (full 4):
 PSYoungGen      total 513024K, used 481280K [0x00000000d5580000, 0x0000000100000000, 0x0000000100000000)
  eden space 481280K, 100% used [0x00000000d5580000,0x00000000f2b80000,0x00000000f2b80000)
  from space 31744K, 0% used [0x00000000f2b80000,0x00000000f2b80000,0x00000000f4a80000)
  to   space 34816K, 0% used [0x00000000fde00000,0x00000000fde00000,0x0000000100000000)
 ParOldGen       total 147968K, used 67443K [0x0000000080000000, 0x0000000089080000, 0x00000000d5580000)
  object space 147968K, 45% used [0x0000000080000000,0x00000000841dcdd8,0x0000000089080000)
 Metaspace       used 107572K, capacity 112598K, committed 112728K, reserved 1146880K
  class space    used 14181K, capacity 15141K, committed 15232K, reserved 1048576K
Event: 4969.256 GC heap after
Heap after GC invocations=18 (full 4):
 PSYoungGen      total 643584K, used 34790K [0x00000000d5580000, 0x0000000100000000, 0x0000000100000000)
  eden space 608768K, 0% used [0x00000000d5580000,0x00000000d5580000,0x00000000fa800000)
  from space 34816K, 99% used [0x00000000fde00000,0x00000000ffff9948,0x0000000100000000)
  to   space 45056K, 0% used [0x00000000fa800000,0x00000000fa800000,0x00000000fd400000)
 ParOldGen       total 147968K, used 79768K [0x0000000080000000, 0x0000000089080000, 0x00000000d5580000)
  object space 147968K, 53% used [0x0000000080000000,0x0000000084de6208,0x0000000089080000)
 Metaspace       used 107572K, capacity 112598K, committed 112728K, reserved 1146880K
  class space    used 14181K, capacity 15141K, committed 15232K, reserved 1048576K
}

